mode: set
github.com/ParkingLotGolang/parking_lot/vehicle/car.go:27.53,29.2 1 0
github.com/ParkingLotGolang/parking_lot/vehicle/car.go:32.40,34.2 1 0
github.com/ParkingLotGolang/parking_lot/vehicle/car.go:37.49,39.2 1 0
github.com/ParkingLotGolang/parking_lot/vehicle/car.go:42.37,44.2 1 0
github.com/ParkingLotGolang/parking_lot/vehicle/truck.go:27.55,29.2 1 0
github.com/ParkingLotGolang/parking_lot/vehicle/truck.go:32.42,34.2 1 0
github.com/ParkingLotGolang/parking_lot/vehicle/truck.go:37.51,39.2 1 0
github.com/ParkingLotGolang/parking_lot/vehicle/truck.go:42.39,44.2 1 0
github.com/ParkingLotGolang/parking_lot/vehicle/vehicle.go:23.107,25.21 1 1
github.com/ParkingLotGolang/parking_lot/vehicle/vehicle.go:44.2,49.3 1 0
github.com/ParkingLotGolang/parking_lot/vehicle/vehicle.go:26.22,32.4 1 1
github.com/ParkingLotGolang/parking_lot/vehicle/vehicle.go:34.24,40.4 1 1
github.com/ParkingLotGolang/parking_lot/parkingservice/ParkingAllocation.go:46.60,48.28 1 1
github.com/ParkingLotGolang/parking_lot/parkingservice/ParkingAllocation.go:51.2,51.17 1 1
github.com/ParkingLotGolang/parking_lot/parkingservice/ParkingAllocation.go:63.2,63.16 1 1
github.com/ParkingLotGolang/parking_lot/parkingservice/ParkingAllocation.go:48.28,50.3 1 0
github.com/ParkingLotGolang/parking_lot/parkingservice/ParkingAllocation.go:51.17,59.44 2 1
github.com/ParkingLotGolang/parking_lot/parkingservice/ParkingAllocation.go:59.44,61.4 1 1
github.com/ParkingLotGolang/parking_lot/parkingservice/ParkingAllocation.go:67.49,69.2 1 1
github.com/ParkingLotGolang/parking_lot/parkingservice/ParkingAllocation.go:72.71,74.2 1 1
github.com/ParkingLotGolang/parking_lot/parkingservice/ParkingAllocation.go:77.82,79.2 1 1
github.com/ParkingLotGolang/parking_lot/parkingservice/ParkingAllocation.go:82.80,84.2 1 1
github.com/ParkingLotGolang/parking_lot/parkingservice/ParkingAllocation.go:87.112,89.64 1 1
github.com/ParkingLotGolang/parking_lot/parkingservice/ParkingAllocation.go:93.2,98.16 5 1
github.com/ParkingLotGolang/parking_lot/parkingservice/ParkingAllocation.go:104.2,107.12 4 1
github.com/ParkingLotGolang/parking_lot/parkingservice/ParkingAllocation.go:89.64,91.3 1 0
github.com/ParkingLotGolang/parking_lot/parkingservice/ParkingAllocation.go:98.16,100.3 1 1
github.com/ParkingLotGolang/parking_lot/parkingservice/ParkingAllocation.go:111.60,114.16 2 1
github.com/ParkingLotGolang/parking_lot/parkingservice/ParkingAllocation.go:118.2,118.55 1 0
github.com/ParkingLotGolang/parking_lot/parkingservice/ParkingAllocation.go:122.2,124.12 3 0
github.com/ParkingLotGolang/parking_lot/parkingservice/ParkingAllocation.go:114.16,116.3 1 1
github.com/ParkingLotGolang/parking_lot/parkingservice/ParkingAllocation.go:118.55,120.3 1 0
github.com/ParkingLotGolang/parking_lot/parkingservice/ParkingAllocation.go:128.64,129.45 1 1
github.com/ParkingLotGolang/parking_lot/parkingservice/ParkingAllocation.go:135.2,135.38 1 1
github.com/ParkingLotGolang/parking_lot/parkingservice/ParkingAllocation.go:129.45,130.63 1 1
github.com/ParkingLotGolang/parking_lot/parkingservice/ParkingAllocation.go:130.63,133.4 2 1
github.com/ParkingLotGolang/parking_lot/parkingservice/ParkingAllocation.go:139.64,140.68 1 1
github.com/ParkingLotGolang/parking_lot/parkingservice/ParkingAllocation.go:149.2,149.40 1 1
github.com/ParkingLotGolang/parking_lot/parkingservice/ParkingAllocation.go:140.68,141.102 1 1
github.com/ParkingLotGolang/parking_lot/parkingservice/ParkingAllocation.go:144.3,144.54 1 1
github.com/ParkingLotGolang/parking_lot/parkingservice/ParkingAllocation.go:141.102,143.4 1 1
github.com/ParkingLotGolang/parking_lot/parkingservice/ParkingAllocation.go:144.54,147.4 2 1
github.com/ParkingLotGolang/parking_lot/parkingservice/ParkingAllocation.go:153.49,155.45 2 0
github.com/ParkingLotGolang/parking_lot/parkingservice/ParkingAllocation.go:155.45,156.57 1 0
github.com/ParkingLotGolang/parking_lot/parkingservice/ParkingAllocation.go:156.57,158.4 1 0
github.com/ParkingLotGolang/parking_lot/parkingservice/ParkingAllocation.go:163.78,166.51 2 0
github.com/ParkingLotGolang/parking_lot/parkingservice/ParkingAllocation.go:173.2,173.21 1 0
github.com/ParkingLotGolang/parking_lot/parkingservice/ParkingAllocation.go:176.2,177.19 2 0
github.com/ParkingLotGolang/parking_lot/parkingservice/ParkingAllocation.go:166.51,168.53 1 0
github.com/ParkingLotGolang/parking_lot/parkingservice/ParkingAllocation.go:168.53,170.4 1 0
github.com/ParkingLotGolang/parking_lot/parkingservice/ParkingAllocation.go:173.21,175.3 1 0
github.com/ParkingLotGolang/parking_lot/parkingservice/ParkingAllocation.go:181.93,184.51 2 0
github.com/ParkingLotGolang/parking_lot/parkingservice/ParkingAllocation.go:191.2,191.22 1 0
github.com/ParkingLotGolang/parking_lot/parkingservice/ParkingAllocation.go:194.2,195.20 2 0
github.com/ParkingLotGolang/parking_lot/parkingservice/ParkingAllocation.go:184.51,186.53 1 0
github.com/ParkingLotGolang/parking_lot/parkingservice/ParkingAllocation.go:186.53,188.4 1 0
github.com/ParkingLotGolang/parking_lot/parkingservice/ParkingAllocation.go:191.22,193.3 1 0
github.com/ParkingLotGolang/parking_lot/parkingservice/ParkingAllocation.go:199.86,201.69 1 0
github.com/ParkingLotGolang/parking_lot/parkingservice/ParkingAllocation.go:204.2,204.36 1 0
github.com/ParkingLotGolang/parking_lot/parkingservice/ParkingAllocation.go:201.69,203.3 1 0
